0 info it worked if it ends with ok
1 verbose cli [ '/usr/bin/node', '/usr/bin/npm', 'publish' ]
2 info using npm@1.3.2
3 info using node@v0.10.13
4 verbose publish [ '.' ]
5 verbose cache add [ '.', null ]
6 verbose cache add name=undefined spec="." args=[".",null]
7 verbose parsed url { protocol: null,
7 verbose parsed url   slashes: null,
7 verbose parsed url   auth: null,
7 verbose parsed url   host: null,
7 verbose parsed url   port: null,
7 verbose parsed url   hostname: null,
7 verbose parsed url   hash: null,
7 verbose parsed url   search: null,
7 verbose parsed url   query: null,
7 verbose parsed url   pathname: '.',
7 verbose parsed url   path: '.',
7 verbose parsed url   href: '.' }
8 silly lockFile 3a52ce78- .
9 verbose lock . /home/josh/.npm/3a52ce78-.lock
10 verbose tar pack [ '/home/josh/tmp/npm-835/1374446705703-0.5064899874851108/tmp.tgz',
10 verbose tar pack   '.' ]
11 verbose tarball /home/josh/tmp/npm-835/1374446705703-0.5064899874851108/tmp.tgz
12 verbose folder .
13 info prepublish gitsum@0.1.3
14 silly lockFile 1f1177db-tar tar://.
15 verbose lock tar://. /home/josh/.npm/1f1177db-tar.lock
16 silly lockFile 70f64f0e-05703-0-5064899874851108-tmp-tgz tar:///home/josh/tmp/npm-835/1374446705703-0.5064899874851108/tmp.tgz
17 verbose lock tar:///home/josh/tmp/npm-835/1374446705703-0.5064899874851108/tmp.tgz /home/josh/.npm/70f64f0e-05703-0-5064899874851108-tmp-tgz.lock
18 silly lockFile 1f1177db-tar tar://.
19 silly lockFile 1f1177db-tar tar://.
20 silly lockFile 70f64f0e-05703-0-5064899874851108-tmp-tgz tar:///home/josh/tmp/npm-835/1374446705703-0.5064899874851108/tmp.tgz
21 silly lockFile 70f64f0e-05703-0-5064899874851108-tmp-tgz tar:///home/josh/tmp/npm-835/1374446705703-0.5064899874851108/tmp.tgz
22 verbose tar unpack /home/josh/tmp/npm-835/1374446705703-0.5064899874851108/tmp.tgz
23 silly lockFile f1aa68c3-05703-0-5064899874851108-package tar:///home/josh/tmp/npm-835/1374446705703-0.5064899874851108/package
24 verbose lock tar:///home/josh/tmp/npm-835/1374446705703-0.5064899874851108/package /home/josh/.npm/f1aa68c3-05703-0-5064899874851108-package.lock
25 silly lockFile 70f64f0e-05703-0-5064899874851108-tmp-tgz tar:///home/josh/tmp/npm-835/1374446705703-0.5064899874851108/tmp.tgz
26 verbose lock tar:///home/josh/tmp/npm-835/1374446705703-0.5064899874851108/tmp.tgz /home/josh/.npm/70f64f0e-05703-0-5064899874851108-tmp-tgz.lock
27 silly gunzTarPerm modes [ '755', '644' ]
28 silly gunzTarPerm extractEntry package.json
29 silly gunzTarPerm extractEntry README.md
30 silly gunzTarPerm extractEntry LICENSE
31 silly gunzTarPerm extractEntry lib/gitsum.js
32 silly gunzTarPerm extractEntry src/gitsum.coffee
33 silly lockFile f1aa68c3-05703-0-5064899874851108-package tar:///home/josh/tmp/npm-835/1374446705703-0.5064899874851108/package
34 silly lockFile f1aa68c3-05703-0-5064899874851108-package tar:///home/josh/tmp/npm-835/1374446705703-0.5064899874851108/package
35 silly lockFile 70f64f0e-05703-0-5064899874851108-tmp-tgz tar:///home/josh/tmp/npm-835/1374446705703-0.5064899874851108/tmp.tgz
36 silly lockFile 70f64f0e-05703-0-5064899874851108-tmp-tgz tar:///home/josh/tmp/npm-835/1374446705703-0.5064899874851108/tmp.tgz
37 verbose tar pack [ '/home/josh/.npm/gitsum/0.1.3/package.tgz',
37 verbose tar pack   '/home/josh/tmp/npm-835/1374446705703-0.5064899874851108/package' ]
38 verbose tarball /home/josh/.npm/gitsum/0.1.3/package.tgz
39 verbose folder /home/josh/tmp/npm-835/1374446705703-0.5064899874851108/package
40 silly lockFile f1aa68c3-05703-0-5064899874851108-package tar:///home/josh/tmp/npm-835/1374446705703-0.5064899874851108/package
41 verbose lock tar:///home/josh/tmp/npm-835/1374446705703-0.5064899874851108/package /home/josh/.npm/f1aa68c3-05703-0-5064899874851108-package.lock
42 silly lockFile 30cd4152-osh-npm-gitsum-0-1-3-package-tgz tar:///home/josh/.npm/gitsum/0.1.3/package.tgz
43 verbose lock tar:///home/josh/.npm/gitsum/0.1.3/package.tgz /home/josh/.npm/30cd4152-osh-npm-gitsum-0-1-3-package-tgz.lock
44 silly lockFile f1aa68c3-05703-0-5064899874851108-package tar:///home/josh/tmp/npm-835/1374446705703-0.5064899874851108/package
45 silly lockFile f1aa68c3-05703-0-5064899874851108-package tar:///home/josh/tmp/npm-835/1374446705703-0.5064899874851108/package
46 silly lockFile 30cd4152-osh-npm-gitsum-0-1-3-package-tgz tar:///home/josh/.npm/gitsum/0.1.3/package.tgz
47 silly lockFile 30cd4152-osh-npm-gitsum-0-1-3-package-tgz tar:///home/josh/.npm/gitsum/0.1.3/package.tgz
48 silly lockFile 633493c9-me-josh-npm-gitsum-0-1-3-package /home/josh/.npm/gitsum/0.1.3/package
49 verbose lock /home/josh/.npm/gitsum/0.1.3/package /home/josh/.npm/633493c9-me-josh-npm-gitsum-0-1-3-package.lock
50 silly lockFile 633493c9-me-josh-npm-gitsum-0-1-3-package /home/josh/.npm/gitsum/0.1.3/package
51 silly lockFile 633493c9-me-josh-npm-gitsum-0-1-3-package /home/josh/.npm/gitsum/0.1.3/package
52 verbose tar unpack /home/josh/.npm/gitsum/0.1.3/package.tgz
53 silly lockFile 0a8ec3e4-me-josh-npm-gitsum-0-1-3-package tar:///home/josh/.npm/gitsum/0.1.3/package
54 verbose lock tar:///home/josh/.npm/gitsum/0.1.3/package /home/josh/.npm/0a8ec3e4-me-josh-npm-gitsum-0-1-3-package.lock
55 silly lockFile 30cd4152-osh-npm-gitsum-0-1-3-package-tgz tar:///home/josh/.npm/gitsum/0.1.3/package.tgz
56 verbose lock tar:///home/josh/.npm/gitsum/0.1.3/package.tgz /home/josh/.npm/30cd4152-osh-npm-gitsum-0-1-3-package-tgz.lock
57 silly gunzTarPerm modes [ '755', '644' ]
58 silly gunzTarPerm extractEntry package.json
59 silly gunzTarPerm extractEntry README.md
60 silly gunzTarPerm extractEntry LICENSE
61 silly gunzTarPerm extractEntry lib/gitsum.js
62 silly gunzTarPerm extractEntry src/gitsum.coffee
63 silly lockFile 0a8ec3e4-me-josh-npm-gitsum-0-1-3-package tar:///home/josh/.npm/gitsum/0.1.3/package
64 silly lockFile 0a8ec3e4-me-josh-npm-gitsum-0-1-3-package tar:///home/josh/.npm/gitsum/0.1.3/package
65 silly lockFile 30cd4152-osh-npm-gitsum-0-1-3-package-tgz tar:///home/josh/.npm/gitsum/0.1.3/package.tgz
66 silly lockFile 30cd4152-osh-npm-gitsum-0-1-3-package-tgz tar:///home/josh/.npm/gitsum/0.1.3/package.tgz
67 verbose chmod /home/josh/.npm/gitsum/0.1.3/package.tgz 644
68 verbose chown /home/josh/.npm/gitsum/0.1.3/package.tgz [ 1000, 100 ]
69 silly lockFile 3a52ce78- .
70 silly lockFile 3a52ce78- .
71 silly publish { author: { name: 'Josh Dolitsky', email: 'jdolitsky@gmail.com' },
71 silly publish   name: 'gitsum',
71 silly publish   description: 'easy deployment with node.js and git',
71 silly publish   version: '0.1.3',
71 silly publish   main: 'lib/gitsum.js',
71 silly publish   dependencies: { express: '*', crypto: '*' },
71 silly publish   preferGlobal: 'true',
71 silly publish   bin: { gitsum: 'lib/gitsum.js' },
71 silly publish   repository: { type: 'git', url: 'https://github.com/jdolitsky/gitsum' },
71 silly publish   license: 'MIT',
71 silly publish   readme: 'gitsum\n======\neasy deployment with node.js and git\n\n##Overview\nThis module will allow you to easily create a heroku-like deployment environment on your own.\n\n##Installation\nInstall this on both your local machine as well as your remote server by running this command:\n```\nnpm install -g gitsum\n```\n*Note: both your machine and the server must have read/write access to the same remote repository.*\n\n##Usage\n###(1) gitsum server\nInside an initialized git repository, run the following to start the server:\n```\ngitsum server\n```\nThis server running on **port 3013** is watching for incoming commit requests. When it receives a valid commit request, gitsum will automatically pull and merge your changes on the server.<br><br>\nTo run gitsum server on a different port (e.g. 3000), use the -p option:\n```\ngitsum server -p 3000\n```\n\n###(2) gitsum push\nWhen you have made changes to the codebase on your local machine, you can add, commit, push your changes **AND** deploy those changes to the server all with one command:\n```\ngitsum push mysite.com\n```\n \\- where "mysite.com" is the host name of your server. You can also push directly to an IP address:\n```\ngitsum push 67.195.160.76\n```\nIf your gitsum server is running on a port other than 3013, you must specify:\n```\ngitsum push mysite.com:3000\n```\nBy default, the message on the commit is "gitsum push". If you want a custom message, just use the -m option:\n```\ngitsum push mysite.com -m "my commit message"\n```\n',
71 silly publish   readmeFilename: 'README.md',
71 silly publish   bugs: { url: 'https://github.com/jdolitsky/gitsum/issues' },
71 silly publish   _id: 'gitsum@0.1.3',
71 silly publish   dist: { shasum: 'af5bbc2e84584abf26074f936cba7fac509f780f' },
71 silly publish   _from: '.' }
72 verbose url raw gitsum
73 verbose url resolving [ 'https://registry.npmjs.org/', './gitsum' ]
74 verbose url resolved https://registry.npmjs.org/gitsum
75 info trying registry request attempt 1 at 15:45:05
76 http PUT https://registry.npmjs.org/gitsum
77 http 409 https://registry.npmjs.org/gitsum
78 verbose url raw gitsum
79 verbose url resolving [ 'https://registry.npmjs.org/', './gitsum' ]
80 verbose url resolved https://registry.npmjs.org/gitsum
81 info trying registry request attempt 1 at 15:45:06
82 http GET https://registry.npmjs.org/gitsum
83 http 200 https://registry.npmjs.org/gitsum
84 error publish fail Cannot publish over existing version.
84 error publish fail Update the 'version' field in package.json and try again.
84 error publish fail
84 error publish fail If the previous version was published in error, see:
84 error publish fail     npm help unpublish
84 error publish fail
84 error publish fail To automatically increment version numbers, see:
84 error publish fail     npm help version
85 error System Linux 3.9.10-1-MANJARO
86 error command "/usr/bin/node" "/usr/bin/npm" "publish"
87 error cwd /home/josh/gitclone/gitsum
88 error node -v v0.10.13
89 error npm -v 1.3.2
90 error code EPUBLISHCONFLICT
91 verbose exit [ 1, true ]
